<?xml version="1.0" encoding="UTF-8"?>
<!-- Generated by org.testng.reporters.JUnitReportReporter -->
<testsuite hostname="Boobal" failures="0" tests="1" name="TestPack.CompareResult" time="23.024" errors="0" timestamp="2022-03-11T09:55:40 IST" skipped="0">
  <testcase classname="TestPack.CompareResult" name="TempCompare" time="23.024"/>
  <system-out/>
</testsuite> <!-- TestPack.CompareResult -->
