<?xml version="1.0" encoding="UTF-8"?>
<!-- Generated by org.testng.reporters.JUnitReportReporter -->
<testsuite hostname="Boobal" failures="0" tests="1" name="com.DemoPack.NewTest" time="0.006" errors="0" timestamp="2022-03-09T22:28:18 IST" skipped="0">
  <testcase classname="com.DemoPack.NewTest" name="f" time="0.006"/>
  <system-out/>
</testsuite> <!-- com.DemoPack.NewTest -->
