<?xml version="1.0" encoding="UTF-8"?>
<!-- Generated by org.testng.reporters.JUnitReportReporter -->
<testsuite skipped="0" hostname="Boobal" name="com.DemoPack.demoTestRun" tests="1" failures="0" timestamp="2022-03-07T22:01:25 IST" time="20.623" errors="0">
  <testcase name="run" time="20.623" classname="com.DemoPack.demoTestRun"/>
  <system-out/>
</testsuite> <!-- com.DemoPack.demoTestRun -->
