<?xml version="1.0" encoding="UTF-8"?>
<!-- Generated by org.testng.reporters.JUnitReportReporter -->
<testsuite hostname="Boobal" failures="0" tests="1" name="com.DemoPack.demoTestRun" time="15.873" errors="0" timestamp="2022-03-11T09:55:40 IST" skipped="0">
  <testcase classname="com.DemoPack.demoTestRun" name="run" time="15.873"/>
  <system-out/>
</testsuite> <!-- com.DemoPack.demoTestRun -->
