<?xml version="1.0" encoding="UTF-8"?>
<!-- Generated by org.testng.reporters.JUnitReportReporter -->
<testsuite skipped="0" hostname="Boobal" name="TestPack.CompareResult" tests="6" failures="1" timestamp="2022-02-23T16:46:14 IST" time="38.427" errors="0">
  <testcase name="TempCompare" time="6.234" classname="TestPack.CompareResult"/>
  <system-out/>
  <testcase name="TempCompare" time="6.689" classname="TestPack.CompareResult"/>
  <system-out/>
  <testcase name="TempCompare" time="6.804" classname="TestPack.CompareResult"/>
  <system-out/>
  <testcase name="TempCompare" time="6.182" classname="TestPack.CompareResult"/>
  <system-out/>
  <testcase name="TempCompare" time="6.408" classname="TestPack.CompareResult">
    <failure type="java.lang.AssertionError" message="Temperatures are not equal">
      <![CDATA[java.lang.AssertionError: Temperatures are not equal
at org.testng.Assert.fail(Assert.java:99)
at Pages.WeatherPage.getAPIValue(WeatherPage.java:75)
at Pages.WeatherPage.getUITempValue(WeatherPage.java:58)
at TestPack.CompareResult.TempCompare(CompareResult.java:50)
at sun.reflect.NativeMethodAccessorImpl.invoke0(Native Method)
at sun.reflect.NativeMethodAccessorImpl.invoke(NativeMethodAccessorImpl.java:62)
at sun.reflect.DelegatingMethodAccessorImpl.invoke(DelegatingMethodAccessorImpl.java:43)
at java.lang.reflect.Method.invoke(Method.java:498)
at org.testng.internal.MethodInvocationHelper.invokeMethod(MethodInvocationHelper.java:133)
at org.testng.internal.TestInvoker.invokeMethod(TestInvoker.java:598)
at org.testng.internal.TestInvoker.invokeTestMethod(TestInvoker.java:173)
at org.testng.internal.MethodRunner.runInSequence(MethodRunner.java:46)
at org.testng.internal.TestInvoker$MethodInvocationAgent.invoke(TestInvoker.java:824)
at org.testng.internal.TestInvoker.invokeTestMethods(TestInvoker.java:146)
at org.testng.internal.TestMethodWorker.invokeTestMethods(TestMethodWorker.java:146)
at org.testng.internal.TestMethodWorker.run(TestMethodWorker.java:128)
at java.util.ArrayList.forEach(ArrayList.java:1257)
at org.testng.TestRunner.privateRun(TestRunner.java:794)
at org.testng.TestRunner.run(TestRunner.java:596)
at org.testng.SuiteRunner.runTest(SuiteRunner.java:377)
at org.testng.SuiteRunner.runSequentially(SuiteRunner.java:371)
at org.testng.SuiteRunner.privateRun(SuiteRunner.java:332)
at org.testng.SuiteRunner.run(SuiteRunner.java:276)
at org.testng.SuiteRunnerWorker.runSuite(SuiteRunnerWorker.java:53)
at org.testng.SuiteRunnerWorker.run(SuiteRunnerWorker.java:96)
at org.testng.TestNG.runSuitesSequentially(TestNG.java:1212)
at org.testng.TestNG.runSuitesLocally(TestNG.java:1134)
at org.testng.TestNG.runSuites(TestNG.java:1063)
at org.testng.TestNG.run(TestNG.java:1031)
at org.testng.remote.AbstractRemoteTestNG.run(AbstractRemoteTestNG.java:115)
at org.testng.remote.RemoteTestNG.initAndRun(RemoteTestNG.java:251)
at org.testng.remote.RemoteTestNG.main(RemoteTestNG.java:77)
]]>
    </failure>
  </testcase> <!-- TempCompare -->
  <system-out/>
  <testcase name="TempCompare" time="6.110" classname="TestPack.CompareResult"/>
  <system-out/>
</testsuite> <!-- TestPack.CompareResult -->
